<?xml version="1.0" encoding="UTF-8"?>
<!-- Generated by org.testng.reporters.JUnitXMLReporter -->
<testsuite ignored="0" hostname="DESKTOP-S3FLF3O" failures="1" tests="3" name="Test" time="38.572" errors="0" timestamp="2024-06-20T10:20:58 IST">
  <testcase classname="com.poferries.tourist.web.runner.RunTestNGTest" name="feature" time="15.137">
    <failure type="java.lang.AssertionError" message="expected [true] but found [false]">
      <![CDATA[java.lang.AssertionError: expected [true] but found [false]
at com.poferries.tourist.web.stepDefinitions.Steps.the_user_should_be_redirected_to_the_my_account_page(Steps.java:154)
at âœ½.the user should be redirected to the My Account page(file:///D:/BDD_CucumberProject/AutomationPOFerries%202%20(1)/src/test/java/features/login.feature:29)
... Removed 6 stack frames]]>
    </failure>
  </testcase> <!-- feature -->
  <testcase classname="com.poferries.tourist.web.runner.RunTestNGTest" name="feature" time="11.51"/>
  <testcase classname="com.poferries.tourist.web.runner.RunTestNGTest" name="feature" time="10.381"/>
</testsuite> <!-- Test -->
