{"uuid":"21fcc985-9ca4-4138-9ed2-84fdf60e6dbb","name":"Scenario: User is able to login to nopCommerce","children":["cd62b8d2-5787-45a7-ba05-81a5c8c88a4f"],"befores":[{"name":"com.poferries.tourist.web.stepDefinitions.Steps.setUpDriver()","status":"broken","statusDetails":{"known":false,"muted":false,"flaky":false,"message":"BEFORE is failed: Could not start a new session. Response code 500. Message: session not created: This version of ChromeDriver only supports Chrome version 114\nCurrent browser version is 126.0.6478.114 with binary path C:\\Program Files\\Google\\Chrome\\Application\\chrome.exe \nHost info: host: 'DESKTOP-S3FLF3O', ip: '192.168.1.5'\nBuild info: version: '4.21.0', revision: '79ed462ef4'\nSystem info: os.name: 'Windows 11', os.arch: 'amd64', os.version: '10.0', java.version: '17.0.9'\nDriver info: org.openqa.selenium.chrome.ChromeDriver\nCommand: [null, newSession {capabilities=[Capabilities {browserName: chrome, goog:chromeOptions: {args: [], extensions: []}}]}]","trace":"org.openqa.selenium.SessionNotCreatedException: Could not start a new session. Response code 500. Message: session not created: This version of ChromeDriver only supports Chrome version 114\nCurrent browser version is 126.0.6478.114 with binary path C:\\Program Files\\Google\\Chrome\\Application\\chrome.exe \nHost info: host: 'DESKTOP-S3FLF3O', ip: '192.168.1.5'\nBuild info: version: '4.21.0', revision: '79ed462ef4'\nSystem info: os.name: 'Windows 11', os.arch: 'amd64', os.version: '10.0', java.version: '17.0.9'\nDriver info: org.openqa.selenium.chrome.ChromeDriver\nCommand: [null, newSession {capabilities=[Capabilities {browserName: chrome, goog:chromeOptions: {args: [], extensions: []}}]}]\r\n\tat org.openqa.selenium.remote.ProtocolHandshake.createSession(ProtocolHandshake.java:114)\r\n\tat org.openqa.selenium.remote.ProtocolHandshake.createSession(ProtocolHandshake.java:75)\r\n\tat org.openqa.selenium.remote.ProtocolHandshake.createSession(ProtocolHandshake.java:61)\r\n\tat org.openqa.selenium.remote.HttpCommandExecutor.execute(HttpCommandExecutor.java:162)\r\n\tat org.openqa.selenium.remote.service.DriverCommandExecutor.invokeExecute(DriverCommandExecutor.java:216)\r\n\tat org.openqa.selenium.remote.service.DriverCommandExecutor.execute(DriverCommandExecutor.java:174)\r\n\tat org.openqa.selenium.remote.RemoteWebDriver.execute(RemoteWebDriver.java:518)\r\n\tat org.openqa.selenium.remote.RemoteWebDriver.startSession(RemoteWebDriver.java:232)\r\n\tat org.openqa.selenium.remote.RemoteWebDriver.<init>(RemoteWebDriver.java:161)\r\n\tat org.openqa.selenium.chromium.ChromiumDriver.<init>(ChromiumDriver.java:114)\r\n\tat org.openqa.selenium.chrome.ChromeDriver.<init>(ChromeDriver.java:88)\r\n\tat org.openqa.selenium.chrome.ChromeDriver.<init>(ChromeDriver.java:83)\r\n\tat org.openqa.selenium.chrome.ChromeDriver.<init>(ChromeDriver.java:51)\r\n\tat com.driver.DriverFactory.getDriverObject(DriverFactory.java:29)\r\n\tat com.web.actions.Actions.<init>(Actions.java:8)\r\n\tat com.poferries.tourist.web.stepDefinitions.Steps.setUpDriver(Steps.java:90)\r\n"},"stage":"finished","steps":[],"attachments":[],"parameters":[],"start":1719209158527,"stop":1719209159583},{"name":"com.poferries.tourist.web.stepDefinitions.Steps.PrintScenarioName(io.cucumber.java.Scenario)","status":"passed","stage":"finished","steps":[],"attachments":[],"parameters":[],"start":1719209159588,"stop":1719209159589}],"afters":[{"name":"com.poferries.tourist.web.stepDefinitions.Steps.addScreenshot(io.cucumber.java.Scenario)","status":"skipped","statusDetails":{"known":false,"muted":false,"flaky":false,"message":"AFTER_STEP is failed."},"stage":"finished","steps":[],"attachments":[],"parameters":[],"start":1719209159602,"stop":1719209159603},{"name":"com.poferries.tourist.web.stepDefinitions.Steps.addScreenshot(io.cucumber.java.Scenario)","status":"skipped","statusDetails":{"known":false,"muted":false,"flaky":false,"message":"AFTER_STEP is failed."},"stage":"finished","steps":[],"attachments":[],"parameters":[],"start":1719209159605,"stop":1719209159606},{"name":"com.poferries.tourist.web.stepDefinitions.Steps.addScreenshot(io.cucumber.java.Scenario)","status":"skipped","statusDetails":{"known":false,"muted":false,"flaky":false,"message":"AFTER_STEP is failed."},"stage":"finished","steps":[],"attachments":[],"parameters":[],"start":1719209159607,"stop":1719209159609},{"name":"com.poferries.tourist.web.stepDefinitions.Steps.addScreenshot(io.cucumber.java.Scenario)","status":"skipped","statusDetails":{"known":false,"muted":false,"flaky":false,"message":"AFTER_STEP is failed."},"stage":"finished","steps":[],"attachments":[],"parameters":[],"start":1719209159612,"stop":1719209159612},{"name":"com.poferries.tourist.web.stepDefinitions.Steps.tearDown(io.cucumber.java.Scenario)","status":"broken","statusDetails":{"known":false,"muted":false,"flaky":false,"message":"AFTER is failed: Cannot invoke \"com.web.actions.Actions.CloseBrowser()\" because \"this.WebTestActions\" is null","trace":"java.lang.NullPointerException: Cannot invoke \"com.web.actions.Actions.CloseBrowser()\" because \"this.WebTestActions\" is null\r\n\tat com.poferries.tourist.web.stepDefinitions.Steps.tearDown(Steps.java:112)\r\n"},"stage":"finished","steps":[],"attachments":[],"parameters":[],"start":1719209159613,"stop":1719209159613}],"start":1719209158526,"stop":1719209159614}