{"uuid":"50f4537f-6501-4090-a85a-2a71a2d0d4a7","name":"Scenario: User is able to login to nopCommerce","children":["c09ea355-8a36-4a87-95cd-268c159c7638"],"befores":[{"name":"com.poferries.tourist.web.stepDefinitions.Steps.setUpDriver()","status":"broken","statusDetails":{"known":false,"muted":false,"flaky":false,"message":"BEFORE is failed: Could not start a new session. Response code 500. Message: session not created: This version of ChromeDriver only supports Chrome version 114\nCurrent browser version is 126.0.6478.114 with binary path C:\\Program Files\\Google\\Chrome\\Application\\chrome.exe \nHost info: host: 'DESKTOP-S3FLF3O', ip: '192.168.1.5'\nBuild info: version: '4.21.0', revision: '79ed462ef4'\nSystem info: os.name: 'Windows 11', os.arch: 'amd64', os.version: '10.0', java.version: '17.0.9'\nDriver info: org.openqa.selenium.chrome.ChromeDriver\nCommand: [null, newSession {capabilities=[Capabilities {browserName: chrome, goog:chromeOptions: {args: [], extensions: []}}]}]","trace":"org.openqa.selenium.SessionNotCreatedException: Could not start a new session. Response code 500. Message: session not created: This version of ChromeDriver only supports Chrome version 114\nCurrent browser version is 126.0.6478.114 with binary path C:\\Program Files\\Google\\Chrome\\Application\\chrome.exe \nHost info: host: 'DESKTOP-S3FLF3O', ip: '192.168.1.5'\nBuild info: version: '4.21.0', revision: '79ed462ef4'\nSystem info: os.name: 'Windows 11', os.arch: 'amd64', os.version: '10.0', java.version: '17.0.9'\nDriver info: org.openqa.selenium.chrome.ChromeDriver\nCommand: [null, newSession {capabilities=[Capabilities {browserName: chrome, goog:chromeOptions: {args: [], extensions: []}}]}]\r\n\tat org.openqa.selenium.remote.ProtocolHandshake.createSession(ProtocolHandshake.java:114)\r\n\tat org.openqa.selenium.remote.ProtocolHandshake.createSession(ProtocolHandshake.java:75)\r\n\tat org.openqa.selenium.remote.ProtocolHandshake.createSession(ProtocolHandshake.java:61)\r\n\tat org.openqa.selenium.remote.HttpCommandExecutor.execute(HttpCommandExecutor.java:162)\r\n\tat org.openqa.selenium.remote.service.DriverCommandExecutor.invokeExecute(DriverCommandExecutor.java:216)\r\n\tat org.openqa.selenium.remote.service.DriverCommandExecutor.execute(DriverCommandExecutor.java:174)\r\n\tat org.openqa.selenium.remote.RemoteWebDriver.execute(RemoteWebDriver.java:518)\r\n\tat org.openqa.selenium.remote.RemoteWebDriver.startSession(RemoteWebDriver.java:232)\r\n\tat org.openqa.selenium.remote.RemoteWebDriver.<init>(RemoteWebDriver.java:161)\r\n\tat org.openqa.selenium.chromium.ChromiumDriver.<init>(ChromiumDriver.java:114)\r\n\tat org.openqa.selenium.chrome.ChromeDriver.<init>(ChromeDriver.java:88)\r\n\tat org.openqa.selenium.chrome.ChromeDriver.<init>(ChromeDriver.java:83)\r\n\tat org.openqa.selenium.chrome.ChromeDriver.<init>(ChromeDriver.java:51)\r\n\tat com.driver.DriverFactory.getDriverObject(DriverFactory.java:29)\r\n\tat com.web.actions.Actions.<init>(Actions.java:8)\r\n\tat com.poferries.tourist.web.stepDefinitions.Steps.setUpDriver(Steps.java:90)\r\n"},"stage":"finished","steps":[],"attachments":[],"parameters":[],"start":1719209155229,"stop":1719209158412},{"name":"com.poferries.tourist.web.stepDefinitions.Steps.PrintScenarioName(io.cucumber.java.Scenario)","status":"passed","stage":"finished","steps":[],"attachments":[],"parameters":[],"start":1719209158422,"stop":1719209158423}],"afters":[{"name":"com.poferries.tourist.web.stepDefinitions.Steps.addScreenshot(io.cucumber.java.Scenario)","status":"skipped","statusDetails":{"known":false,"muted":false,"flaky":false,"message":"AFTER_STEP is failed."},"stage":"finished","steps":[],"attachments":[],"parameters":[],"start":1719209158431,"stop":1719209158432},{"name":"com.poferries.tourist.web.stepDefinitions.Steps.addScreenshot(io.cucumber.java.Scenario)","status":"skipped","statusDetails":{"known":false,"muted":false,"flaky":false,"message":"AFTER_STEP is failed."},"stage":"finished","steps":[],"attachments":[],"parameters":[],"start":1719209158433,"stop":1719209158434},{"name":"com.poferries.tourist.web.stepDefinitions.Steps.addScreenshot(io.cucumber.java.Scenario)","status":"skipped","statusDetails":{"known":false,"muted":false,"flaky":false,"message":"AFTER_STEP is failed."},"stage":"finished","steps":[],"attachments":[],"parameters":[],"start":1719209158436,"stop":1719209158436},{"name":"com.poferries.tourist.web.stepDefinitions.Steps.addScreenshot(io.cucumber.java.Scenario)","status":"skipped","statusDetails":{"known":false,"muted":false,"flaky":false,"message":"AFTER_STEP is failed."},"stage":"finished","steps":[],"attachments":[],"parameters":[],"start":1719209158438,"stop":1719209158438},{"name":"com.poferries.tourist.web.stepDefinitions.Steps.addScreenshot(io.cucumber.java.Scenario)","status":"skipped","statusDetails":{"known":false,"muted":false,"flaky":false,"message":"AFTER_STEP is failed."},"stage":"finished","steps":[],"attachments":[],"parameters":[],"start":1719209158440,"stop":1719209158440},{"name":"com.poferries.tourist.web.stepDefinitions.Steps.tearDown(io.cucumber.java.Scenario)","status":"broken","statusDetails":{"known":false,"muted":false,"flaky":false,"message":"AFTER is failed: Cannot invoke \"com.web.actions.Actions.CloseBrowser()\" because \"this.WebTestActions\" is null","trace":"java.lang.NullPointerException: Cannot invoke \"com.web.actions.Actions.CloseBrowser()\" because \"this.WebTestActions\" is null\r\n\tat com.poferries.tourist.web.stepDefinitions.Steps.tearDown(Steps.java:112)\r\n"},"stage":"finished","steps":[],"attachments":[],"parameters":[],"start":1719209158440,"stop":1719209158441}],"start":1719209155200,"stop":1719209158444}