2024-Jun-18 19:13:56 pm [main] INFO  com.web.actions.WebActions - Click on :--> xpath: //a[normalize-space()='Register']]
2024-Jun-18 19:13:57 pm [main] INFO  com.web.actions.WebActions - Exception: clickElement '
2024-Jun-18 19:13:57 pm [main] INFO  com.web.actions.WebActions - Exception Log: org.openqa.selenium.NoSuchElementException: Unable to locate element: //label[normalize-space()='Male']
For documentation on this error, please visit: https://www.selenium.dev/documentation/webdriver/troubleshooting/errors#no-such-element-exception
Build info: version: '4.21.0', revision: '79ed462ef4'
System info: os.name: 'Windows 11', os.arch: 'amd64', os.version: '10.0', java.version: '17.0.9'
Driver info: org.openqa.selenium.firefox.FirefoxDriver
Command: [6de2643a-559c-459f-8f9c-f02ecb20508b, findElement {value=//label[normalize-space()='Male'], using=xpath}]
Capabilities {acceptInsecureCerts: true, browserName: firefox, browserVersion: 126.0.1, moz:accessibilityChecks: false, moz:buildID: 20240526221752, moz:debuggerAddress: 127.0.0.1:12796, moz:geckodriverVersion: 0.31.0, moz:headless: false, moz:platformVersion: 10.0, moz:processID: 25736, moz:profile: C:\Users\Dell\AppData\Local..., moz:shutdownTimeout: 60000, moz:webdriverClick: true, moz:windowless: false, pageLoadStrategy: normal, platformName: windows, proxy: Proxy(), se:cdp: ws://127.0.0.1:12796/devtoo..., se:cdpVersion: 85.0, setWindowRect: true, strictFileInteractability: false, timeouts: {implicit: 0, pageLoad: 300000, script: 30000}, unhandledPromptBehavior: dismiss and notify, userAgent: Mozilla/5.0 (Windows NT 10....}
Session ID: 6de2643a-559c-459f-8f9c-f02ecb20508b
2024-Jun-18 19:14:00 pm [main] INFO  com.web.actions.WebBrowserActions - closes the currently opened browser session.
2024-Jun-18 19:14:00 pm [main] ERROR com.web.reporting.TestListner - com.poferries.tourist.web.runner.RunTestNGTest
2024-Jun-18 19:14:00 pm [main] ERROR com.web.reporting.TestListner - org.openqa.selenium.NoSuchElementException: Unable to locate element: //input[@id='FirstName']
For documentation on this error, please visit: https://www.selenium.dev/documentation/webdriver/troubleshooting/errors#no-such-element-exception
Build info: version: '4.21.0', revision: '79ed462ef4'
System info: os.name: 'Windows 11', os.arch: 'amd64', os.version: '10.0', java.version: '17.0.9'
Driver info: org.openqa.selenium.firefox.FirefoxDriver
Command: [6de2643a-559c-459f-8f9c-f02ecb20508b, findElement {value=//input[@id='FirstName'], using=xpath}]
Capabilities {acceptInsecureCerts: true, browserName: firefox, browserVersion: 126.0.1, moz:accessibilityChecks: false, moz:buildID: 20240526221752, moz:debuggerAddress: 127.0.0.1:12796, moz:geckodriverVersion: 0.31.0, moz:headless: false, moz:platformVersion: 10.0, moz:processID: 25736, moz:profile: C:\Users\Dell\AppData\Local..., moz:shutdownTimeout: 60000, moz:webdriverClick: true, moz:windowless: false, pageLoadStrategy: normal, platformName: windows, proxy: Proxy(), se:cdp: ws://127.0.0.1:12796/devtoo..., se:cdpVersion: 85.0, setWindowRect: true, strictFileInteractability: false, timeouts: {implicit: 0, pageLoad: 300000, script: 30000}, unhandledPromptBehavior: dismiss and notify, userAgent: Mozilla/5.0 (Windows NT 10....}
Session ID: 6de2643a-559c-459f-8f9c-f02ecb20508b
