2024-Jun-14 18:19:39 pm [main] INFO  com.driver.DriverFactory - InstantiateDriverObject Exception Log: org.openqa.selenium.SessionNotCreatedException: session not created: This version of ChromeDriver only supports Chrome version 114
Current browser version is 125.0.6422.142 with binary path C:\Program Files\Google\Chrome\Application\chrome.exe
Build info: version: '3.141.59', revision: 'e82be7d358', time: '2018-11-14T08:17:03'
System info: host: 'DESKTOP-S3FLF3O', ip: '192.168.1.4', os.name: 'Windows 11', os.arch: 'amd64', os.version: '10.0', java.version: '17.0.9'
Driver info: driver.version: ChromeDriver
remote stacktrace: Backtrace:
	GetHandleVerifier [0x006DA813+48355]
	(No symbol) [0x0066C4B1]
	(No symbol) [0x00575358]
	(No symbol) [0x005961AC]
	(No symbol) [0x00591EF3]
	(No symbol) [0x00590579]
	(No symbol) [0x005C0C55]
	(No symbol) [0x005C093C]
	(No symbol) [0x005BA536]
	(No symbol) [0x005982DC]
	(No symbol) [0x005993DD]
	GetHandleVerifier [0x0093AABD+2539405]
	GetHandleVerifier [0x0097A78F+2800735]
	GetHandleVerifier [0x0097456C+2775612]
	GetHandleVerifier [0x007651E0+616112]
	(No symbol) [0x00675F8C]
	(No symbol) [0x00672328]
	(No symbol) [0x0067240B]
	(No symbol) [0x00664FF7]
	BaseThreadInitThunk [0x75657BA9+25]
	RtlInitializeExceptionChain [0x77A4C10B+107]
	RtlClearBits [0x77A4C08F+191]

2024-Jun-14 18:19:39 pm [main] INFO  com.driver.DriverFactory - Instantiate ChromeDriver
2024-Jun-14 18:19:39 pm [main] INFO  com.web.actions.WebActions - Exception: clickElement '
2024-Jun-14 18:19:39 pm [main] INFO  com.web.actions.WebActions - Exception Log: java.lang.NullPointerException: Cannot invoke "org.openqa.selenium.SearchContext.findElement(org.openqa.selenium.By)" because "this.searchContext" is null
2024-Jun-14 18:19:39 pm [main] INFO  com.web.actions.WebBrowserActions - Exception: CloseBrowser.
2024-Jun-14 18:19:39 pm [main] INFO  com.web.actions.WebBrowserActions - Exception Log: java.lang.NullPointerException: Cannot invoke "org.openqa.selenium.WebDriver.close()" because "this.driver" is null
